make --dry-run --always-make --keep-going --print-directory
make: Entering directory `/Users/jaemjeon/projects/minishell/jaemjeon_jisookim_minishell/refact_minishell'
make -C ./libft all
 
cc -g  -o src/env/env.o -c src/env/env.c -I include -I ./libft -I readline/include
cc -g  -o src/env/env_list_adt_1.o -c src/env/env_list_adt_1.c -I include -I ./libft -I readline/include
cc -g  -o src/env/env_list_adt_2.o -c src/env/env_list_adt_2.c -I include -I ./libft -I readline/include
cc -g  -o src/env/env_list_adt_3.o -c src/env/env_list_adt_3.c -I include -I ./libft -I readline/include
 
cc -g  -o src/tokenize/tokenize.o -c src/tokenize/tokenize.c -I include -I ./libft -I readline/include
cc -g  -o src/tokenize/split_all_component.o -c src/tokenize/split_all_component.c -I include -I ./libft -I readline/include
cc -g  -o src/tokenize/token_list_adt_1.o -c src/tokenize/token_list_adt_1.c -I include -I ./libft -I readline/include
cc -g  -o src/tokenize/token_list_adt_2.o -c src/tokenize/token_list_adt_2.c -I include -I ./libft -I readline/include
cc -g  -o src/tokenize/read_token_func.o -c src/tokenize/read_token_func.c -I include -I ./libft -I readline/include
cc -g  -o src/tokenize/read_token_util_1.o -c src/tokenize/read_token_util_1.c -I include -I ./libft -I readline/include
 
cc -g  -o src/utils/ifs.o -c src/utils/ifs.c -I include -I ./libft -I readline/include
cc -g  -o src/utils/error_exit.o -c src/utils/error_exit.c -I include -I ./libft -I readline/include
cc -g  -o src/main/main.o -c src/main/main.c -I include -I ./libft -I readline/include
cc -g  -o src/main/init.o -c src/main/init.c -I include -I ./libft -I readline/include
cc -g  -o src/debug/print_lst_token.o -c src/debug/print_lst_token.c -I include -I ./libft -I readline/include
cc -g  -o src/expand/expand.o -c src/expand/expand.c -I include -I ./libft -I readline/include
cc -o minishell -g  ./src/env/env.o ./src/env/env_list_adt_1.o ./src/env/env_list_adt_2.o ./src/env/env_list_adt_3.o ./src/tokenize/tokenize.o ./src/tokenize/split_all_component.o ./src/tokenize/token_list_adt_1.o ./src/tokenize/token_list_adt_2.o ./src/tokenize/read_token_func.o ./src/tokenize/read_token_util_1.o ./src/utils/ifs.o ./src/utils/error_exit.o ./src/main/main.o ./src/main/init.o ./src/debug/print_lst_token.o ./src/expand/expand.o -lreadline -lft -L /Users/jaemjeon/.brew/Cellar/readline/8.1.2/lib -L ./libft
make: Leaving directory `/Users/jaemjeon/projects/minishell/jaemjeon_jisookim_minishell/refact_minishell'
 
