make --dry-run --always-make --keep-going --print-directory
make: Entering directory `/Users/jaemjeon/projects/minishell_team/jaemjeon_jisookim_minishell/main'
make -C ./libft all
cc -Wall -Wextra -Werror -o src/built_in/env.o -c src/built_in/env.c -I include -I include/var_header -I ./libft -I readline/include -D DEBUG
cc -Wall -Wextra -Werror -o src/built_in/pwd.o -c src/built_in/pwd.c -I include -I include/var_header -I ./libft -I readline/include -D DEBUG
cc -Wall -Wextra -Werror -o src/env/env_list_adt_1.o -c src/env/env_list_adt_1.c -I include -I include/var_header -I ./libft -I readline/include -D DEBUG
cc -Wall -Wextra -Werror -o src/env/env_list_adt_2.o -c src/env/env_list_adt_2.c -I include -I include/var_header -I ./libft -I readline/include -D DEBUG
cc -Wall -Wextra -Werror -o src/env/env_list_adt_3.o -c src/env/env_list_adt_3.c -I include -I include/var_header -I ./libft -I readline/include -D DEBUG
cc -Wall -Wextra -Werror -o src/parser/parsing.o -c src/parser/parsing.c -I include -I include/var_header -I ./libft -I readline/include -D DEBUG
cc -Wall -Wextra -Werror -o src/parser/parse_make_cmd.o -c src/parser/parse_make_cmd.c -I include -I include/var_header -I ./libft -I readline/include -D DEBUG
cc -Wall -Wextra -Werror -o src/parser/cmd_list_adt_1.o -c src/parser/cmd_list_adt_1.c -I include -I include/var_header -I ./libft -I readline/include -D DEBUG
cc -Wall -Wextra -Werror -o src/terminal/signal_action.o -c src/terminal/signal_action.c -I include -I include/var_header -I ./libft -I readline/include -D DEBUG
cc -Wall -Wextra -Werror -o src/tokenizer/tokenizing.o -c src/tokenizer/tokenizing.c -I include -I include/var_header -I ./libft -I readline/include -D DEBUG
cc -Wall -Wextra -Werror -o src/tokenizer/token_list_adt_1.o -c src/tokenizer/token_list_adt_1.c -I include -I include/var_header -I ./libft -I readline/include -D DEBUG
cc -Wall -Wextra -Werror -o src/tokenizer/tokenizer_util_1.o -c src/tokenizer/tokenizer_util_1.c -I include -I include/var_header -I ./libft -I readline/include -D DEBUG
cc -Wall -Wextra -Werror -o src/utils/util_1.o -c src/utils/util_1.c -I include -I include/var_header -I ./libft -I readline/include -D DEBUG
cc -Wall -Wextra -Werror -o src/main/main.o -c src/main/main.c -I include -I include/var_header -I ./libft -I readline/include -D DEBUG
cc -Wall -Wextra -Werror -o src/main/init.o -c src/main/init.c -I include -I include/var_header -I ./libft -I readline/include -D DEBUG
cc -Wall -Wextra -Werror -o src/main/main_loop.o -c src/main/main_loop.c -I include -I include/var_header -I ./libft -I readline/include -D DEBUG
cc -o minishell -Wall -Wextra -Werror ./src/built_in/env.o ./src/built_in/pwd.o ./src/env/env_list_adt_1.o ./src/env/env_list_adt_2.o ./src/env/env_list_adt_3.o ./src/parser/parsing.o ./src/parser/parse_make_cmd.o ./src/parser/cmd_list_adt_1.o ./src/terminal/signal_action.o ./src/tokenizer/tokenizing.o ./src/tokenizer/token_list_adt_1.o ./src/tokenizer/tokenizer_util_1.o ./src/utils/util_1.o ./src/main/main.o ./src/main/init.o ./src/main/main_loop.o -lreadline -lft -L readline/lib -L ./libft
make: Leaving directory `/Users/jaemjeon/projects/minishell_team/jaemjeon_jisookim_minishell/main'
 
