make all --print-data-base --no-builtin-variables --no-builtin-rules --question
# GNU Make 3.81
# Copyright (C) 2006  Free Software Foundation, Inc.
# This is free software; see the source for copying conditions.
# There is NO warranty; not even for MERCHANTABILITY or FITNESS FOR A
# PARTICULAR PURPOSE.

# This program built for i386-apple-darwin11.3.0
 

# Make data base, printed on Tue Aug 23 01:20:14 2022

# Variables

# automatic
<D = $(patsubst %/,%,$(dir $<))
# automatic
?F = $(notdir $?)
# makefile (from `Makefile', line 19)
DIR_MAIN := ./src/main
 
# environment
ELECTRON_NO_ATTACH_CONSOLE = 1
# makefile (from `Makefile', line 6)
INCLUDE_READLINE = -I readline/include
# automatic
?D = $(patsubst %/,%,$(dir $?))
# makefile (from `Makefile', line 28)
SRC_PARSER := ./src/parser/parsing.c ./src/parser/parse_make_cmd.c
# automatic
@D = $(patsubst %/,%,$(dir $@))
# automatic
@F = $(notdir $@)
# makefile (from `Makefile', line 31)
SRC_TERMINAL := ./src/terminal/signal_action.c
# makefile
CURDIR := /Users/jaemjeon/42seoul/clone/jaemjejon_jisookim_minishell/main
# makefile
SHELL = /bin/sh
# makefile (from `Makefile', line 9)
RM = rm -f
# environment
VSCODE_NLS_CONFIG = {"locale":"ko","availableLanguages":{"*":"ko"},"_languagePackId":"d4733d4bd5138ffb2c9d12a76b2e9102.ko","_translationsConfigFile":"/Users/jaemjeon/Library/Application Support/Code/clp/d4733d4bd5138ffb2c9d12a76b2e9102.ko/tcf.json","_cacheRoot":"/Users/jaemjeon/Library/Application Support/Code/clp/d4733d4bd5138ffb2c9d12a76b2e9102.ko","_resolvedLanguagePackCoreLocation":"/Users/jaemjeon/Library/Application Support/Code/clp/d4733d4bd5138ffb2c9d12a76b2e9102.ko/6d9b74a70ca9c7733b29f0456fd8195364076dda","_corruptedFile":"/Users/jaemjeon/Library/Application Support/Code/clp/d4733d4bd5138ffb2c9d12a76b2e9102.ko/corrupted.info","_languagePackSupport":true}
# environment
_ = /usr/bin/make
# makefile (from `Makefile', line 3)
CFLAGS = -Wall -Wextra -Werror
# makefile (from `Makefile', line 1)
MAKEFILE_LIST :=  Makefile
# makefile (from `Makefile', line 4)
NAME_LIBFT = libft.a
# environment
__CFBundleIdentifier = com.microsoft.VSCode
# environment
INFOPATH = /opt/homebrew/share/info:
# environment
P9K_SSH = 0
# makefile (from `Makefile', line 14)
DIR_ENV := ./src/env
# environment
MAIL = jaemjeon@student.42.fr
# environment
VSCODE_CWD = /Users/jaemjeon/42seoul/clone/jaemjejon_jisookim_minishell/main
# environment
PATH = /opt/homebrew/bin:/opt/homebrew/sbin:/usr/local/bin:/usr/bin:/bin:/usr/sbin:/sbin:/Library/Apple/usr/bin:/Library/Frameworks/Mono.framework/Versions/Current/Commands:/Applications/Wireshark.app/Contents/MacOS
# makefile (from `Makefile', line 18)
DIR_UTILS := ./src/utils
# environment
LSCOLORS = Gxfxcxdxbxegedabagacad
# makefile (from `Makefile', line 17)
DIR_TOKENIZER := ./src/tokenizer
# environment
LaunchInstanceID = 8D456611-B937-44B9-8501-CE59F1B7FC6D
# makefile (from `Makefile', line 11)
SRCS_DIR := ./src
# environment
ELECTRON_RUN_AS_NODE = 1
# default
.FEATURES := target-specific order-only second-expansion else-if archives jobserver check-symlink
# makefile (from `Makefile', line 15)
DIR_PARSER := ./src/parser
# environment
SSH_AUTH_SOCK = /private/tmp/com.apple.launchd.vCpYBuziyT/Listeners
# automatic
%F = $(notdir $%)
# makefile (from `Makefile', line 16)
DIR_TERMINAL := ./src/terminal
# makefile (from `Makefile', line 45)
OBJS = ${SRCS:.c=.o}
# environment
PWD = /Users/jaemjeon/42seoul/clone/jaemjejon_jisookim_minishell/main
# environment
HOMEBREW_CELLAR = /opt/homebrew/Cellar
# environment
ORIGINAL_XDG_CURRENT_DESKTOP = undefined
# environment
MANPATH = /opt/homebrew/share/man::
# environment
VSCODE_AMD_ENTRYPOINT = vs/workbench/api/node/extensionHostProcess
# environment
HOME = /Users/jaemjeon
# default
MAKEFILEPATH = $(shell /usr/bin/xcode-select -print-path 2>/dev/null || echo /Developer)/Makefiles
# environment
VSCODE_CLI = 1
# environment
VSCODE_CODE_CACHE_PATH = /Users/jaemjeon/Library/Application Support/Code/CachedData/6d9b74a70ca9c7733b29f0456fd8195364076dda
# environment
LOGNAME = jaemjeon
# environment
APPLICATION_INSIGHTS_NO_DIAGNOSTIC_CHANNEL = true
# environment
NVM_CD_FLAGS = -q
# environment
ZSH = /Users/jaemjeon/.oh-my-zsh
# environment
VSCODE_HANDLES_UNCAUGHT_ERRORS = true
# automatic
^D = $(patsubst %/,%,$(dir $^))
# environment
XPC_FLAGS = 0x0
# environment
COLORTERM = truecolor
# default
MAKE = $(MAKE_COMMAND)
# environment
LC_TERMINAL = iTerm2
# makefile (from `Makefile', line 42)
SRCS = $(SRC_BUILT_IN) $(SRC_ENV) $(SRC_PARSER) $(SRC_TERMINAL) $(SRC_TOKENIZER) $(SRC_UTILS) $(SRC_MAIN)
# environment
SHLVL = 3
# makefile (from `Makefile', line 1)
CC = cc
# default
MAKE_VERSION := 3.81
# environment
USER = jaemjeon
# makefile
.DEFAULT_GOAL := all
# makefile (from `Makefile', line 7)
INCLUDE = -I include -I include/var_header -I $(DIR_LIBFT)
# default
MAKECMDGOALS := all
# environment
TERM_SESSION_ID = w0t0p1:A3AB2227-38B6-4E40-9B08-D85A41E3FFF6
# makefile (from `Makefile', line 2)
NAME = minishell
# environment
LESS = -R
# automatic
%D = $(patsubst %/,%,$(dir $%))
# makefile (from `Makefile', line 22)
SRC_BUILT_IN := ./src/built_in/env.c ./src/built_in/pwd.c
# default
MAKE_COMMAND := /Library/Developer/CommandLineTools/usr/bin/make
# environment
TERM_PROGRAM = iTerm.app
# default
.VARIABLES := 
# environment
TMPDIR = /var/folders/6y/r_plnjts3lz1zwf61_134ssw0000gn/T/
# makefile (from `Makefile', line 40)
SRC_MAIN := ./src/main/main.c ./src/main/init.c ./src/main/main_loop.c
# automatic
*F = $(notdir $*)
# environment
VSCODE_IPC_HOOK = /Users/jaemjeon/Library/Application Support/Code/1.70.1-main.sock
# environment
MallocNanoZone = 0
# makefile
MAKEFLAGS = Rrqp
# environment
MFLAGS = -Rrqp
# automatic
*D = $(patsubst %/,%,$(dir $*))
# environment
TERM_PROGRAM_VERSION = 3.4.16
# environment
NVM_DIR = /Users/jaemjeon/.nvm
# environment
XPC_SERVICE_NAME = application.com.microsoft.VSCode.8332660.8332666.68DCA373-C21A-4116-ADDE-2A9D148073E7
# environment
LC_TERMINAL_VERSION = 3.4.16
 
# environment
HOMEBREW_PREFIX = /opt/homebrew
# automatic
+D = $(patsubst %/,%,$(dir $+))
# automatic
+F = $(notdir $+)
# environment
ITERM_SESSION_ID = w0t0p1:A3AB2227-38B6-4E40-9B08-D85A41E3FFF6
# environment
HOMEBREW_REPOSITORY = /opt/homebrew
# environment
COLORFGBG = 15;0
# environment
__CF_USER_TEXT_ENCODING = 0x1F5:0x3:0x33
# environment
COMMAND_MODE = unix2003
# default
MAKEFILES := 
# automatic
<F = $(notdir $<)
# environment
ITERM_PROFILE = Default
# environment
PAGER = less
# environment
LC_ALL = C
# makefile (from `Makefile', line 5)
DIR_LIBFT = ./libft
# makefile (from `Makefile', line 8)
LIB_READLINE = -L readline/lib
# environment
SECURITYSESSIONID = 186a5
# environment
P9K_TTY = old
# automatic
^F = $(notdir $^)
# makefile (from `Makefile', line 25)
SRC_ENV := ./src/env/env_list_adt_1.c ./src/env/env_list_adt_2.c ./src/env/env_list_adt_3.c
# default
SUFFIXES := 
# default
.INCLUDE_DIRS = /usr/local/include
# makefile (from `Makefile', line 37)
SRC_UTILS := ./src/utils/util_1.c
# environment
MAKELEVEL := 0
# makefile (from `Makefile', line 34)
SRC_TOKENIZER := ./src/tokenizer/tokenizing.c ./src/tokenizer/token_list_adt_1.c ./src/tokenizer/tokenizer_util_1.c
# environment
LANG = C
# environment
TERM = xterm-256color
# environment
_P9K_TTY = /dev/ttys009
# environment
VSCODE_PID = 62213
# makefile (from `Makefile', line 13)
DIR_BUILT_IN := ./src/built_in
# environment
NVM_RC_VERSION = 
# variable set hash-table stats:
# Load=114/1024=11%, Rehash=0, Collisions=10/182=5%

# Pattern-specific Variable Values

# No pattern-specific variable values.

# Directories

# . (device 16777234, inode 8807210): 9 files, no impossibilities.

# 9 files, no impossibilities in 1 directories.

# Implicit Rules

%.o: %.c
#  commands to execute (from `Makefile', line 59):
	$(CC) $(CFLAGS) -o $@ -c $< $(INCLUDE) $(INCLUDE_READLINE)
	

# 1 implicit rules, 0 (0.0%) terminal.

# Files

# Not a target:
src/tokenizer/tokenizer_util_1.o:
#  Implicit rule search has not been done.
#  Modification time never checked.
#  File has not been updated.

# Not a target:
src/utils/util_1.o:
#  Implicit rule search has not been done.
#  Modification time never checked.
#  File has not been updated.

# Not a target:
src/parser/parse_make_cmd.o:
#  Implicit rule search has not been done.
#  Modification time never checked.
#  File has not been updated.

all: minishell
#  Phony target (prerequisite of .PHONY).
#  Command-line target.
#  Implicit rule search has not been done.
#  File does not exist.
#  File has been updated.
#  Needs to be updated (-q is set).
# variable set hash-table stats:
# Load=0/32=0%, Rehash=0, Collisions=0/3=0%

.PHONY: all clean fclean bonus re
#  Implicit rule search has not been done.
#  Modification time never checked.
#  File has not been updated.

# Not a target:
src/env/env_list_adt_1.o:
#  Implicit rule search has not been done.
#  Modification time never checked.
#  File has not been updated.

# Not a target:
.SUFFIXES:
#  Implicit rule search has not been done.
#  Modification time never checked.
#  File has not been updated.

# Not a target:
Makefile:
#  Implicit rule search has been done.
#  Last modified 2022-08-23 00:59:04
#  File has been updated.
#  Successfully updated.
# variable set hash-table stats:
# Load=0/32=0%, Rehash=0, Collisions=0/0=0%

# Not a target:
src/built_in/pwd.o:
#  Implicit rule search has not been done.
#  Modification time never checked.
#  File has not been updated.

# Not a target:
src/main/init.o:
#  Implicit rule search has not been done.
#  Modification time never checked.
#  File has not been updated.

libft.a:
#  Implicit rule search has not been done.
#  Implicit/static pattern stem: `'
#  File does not exist.
#  File has been updated.
#  Needs to be updated (-q is set).
# automatic
# @ := libft.a
# automatic
# % := 
# automatic
# * := 
# automatic
# + := 
# automatic
# | := 
# automatic
# < := 
# automatic
# ^ := 
# automatic
# ? := 
# variable set hash-table stats:
# Load=8/32=25%, Rehash=0, Collisions=2/11=18%
#  commands to execute (from `Makefile', line 56):
	make -C $(DIR_LIBFT) all
	

# Not a target:
src/env/env_list_adt_2.o:
#  Implicit rule search has not been done.
#  Modification time never checked.
#  File has not been updated.

minishell: libft.a src/built_in/env.o src/built_in/pwd.o src/env/env_list_adt_1.o src/env/env_list_adt_2.o src/env/env_list_adt_3.o src/parser/parsing.o src/parser/parse_make_cmd.o src/terminal/signal_action.o src/tokenizer/tokenizing.o src/tokenizer/token_list_adt_1.o src/tokenizer/tokenizer_util_1.o src/utils/util_1.o src/main/main.o src/main/init.o src/main/main_loop.o
#  Implicit rule search has not been done.
#  File does not exist.
#  File has been updated.
#  Needs to be updated (-q is set).
# variable set hash-table stats:
# Load=0/32=0%, Rehash=0, Collisions=0/3=0%
#  commands to execute (from `Makefile', line 53):
	${CC} -o ${NAME} ${CFLAGS} ${OBJS} -lreadline -lft $(LIB_READLINE) -L $(DIR_LIBFT)
	

bonus:
#  Phony target (prerequisite of .PHONY).
#  Implicit rule search has not been done.
#  File does not exist.
#  File has not been updated.

fclean: clean
#  Phony target (prerequisite of .PHONY).
#  Implicit rule search has not been done.
#  File does not exist.
#  File has not been updated.
#  commands to execute (from `Makefile', line 66):
	rm -f ${NAME}
	

# Not a target:
src/tokenizer/tokenizing.o:
#  Implicit rule search has not been done.
#  Modification time never checked.
#  File has not been updated.

# Not a target:
.DEFAULT:
#  Implicit rule search has not been done.
#  Modification time never checked.
#  File has not been updated.

# Not a target:
src/terminal/signal_action.o:
#  Implicit rule search has not been done.
#  Modification time never checked.
#  File has not been updated.

re: fclean all
#  Phony target (prerequisite of .PHONY).
#  Implicit rule search has not been done.
#  File does not exist.
#  File has not been updated.

clean:
#  Phony target (prerequisite of .PHONY).
#  Implicit rule search has not been done.
#  File does not exist.
#  File has not been updated.
#  commands to execute (from `Makefile', line 62):
	make -C $(DIR_LIBFT) clean
	rm -f ${OBJS}
	

# Not a target:
src/built_in/env.o:
#  Implicit rule search has not been done.
#  Modification time never checked.
#  File has not been updated.

# Not a target:
src/parser/parsing.o:
#  Implicit rule search has not been done.
#  Modification time never checked.
#  File has not been updated.

# Not a target:
src/env/env_list_adt_3.o:
#  Implicit rule search has not been done.
#  Modification time never checked.
#  File has not been updated.

# Not a target:
src/main/main.o:
#  Implicit rule search has not been done.
#  Modification time never checked.
#  File has not been updated.

# Not a target:
src/tokenizer/token_list_adt_1.o:
#  Implicit rule search has not been done.
#  Modification time never checked.
#  File has not been updated.

# Not a target:
src/main/main_loop.o:
#  Implicit rule search has not been done.
#  Modification time never checked.
#  File has not been updated.

# files hash-table stats:
# Load=26/1024=3%, Rehash=0, Collisions=0/65=0%
# VPATH Search Paths

# No `vpath' search paths.

# No general (`VPATH' variable) search path.

# # of strings in strcache: 1
# # of strcache buffers: 1
# strcache size: total = 4096 / max = 4096 / min = 4096 / avg = 4096
# strcache free: total = 4087 / max = 4087 / min = 4087 / avg = 4087

# Finished Make data base on Tue Aug 23 01:20:14 2022

 
